c:\npcap-sdk\winpcap_devpack\examples-remote\smp_1\vc140.pdb
c:\npcap-sdk\winpcap_devpack\examples-remote\release\x64\smp_1.pdo
c:\npcap-sdk\winpcap_devpack\examples-remote\release\x64\smp_1.exe
c:\npcap-sdk\winpcap_devpack\examples-remote\release\x64\smp_1.ipdb
c:\npcap-sdk\winpcap_devpack\examples-remote\release\x64\smp_1.iobj
c:\npcap-sdk\winpcap_devpack\examples-remote\release\x64\smp_1.pdb
c:\npcap-sdk\winpcap_devpack\examples-remote\release\x64\pktdump_ex.obj
c:\npcap-sdk\winpcap_devpack\examples-remote\release\x64\basic_dump_ex.ipdb
c:\npcap-sdk\winpcap_devpack\examples-remote\release\x64\basic_dump_ex.iobj
c:\npcap-sdk\winpcap_devpack\examples-remote\release\x64\pcap_filter.idb
c:\npcap-sdk\winpcap_devpack\examples-remote\release\x64\savedump.idb
c:\npcap-sdk\winpcap_devpack\examples-remote\release\x64\sendpack.idb
c:\npcap-sdk\winpcap_devpack\examples-remote\release\x64\basic_dump_ex.pdb
c:\npcap-sdk\winpcap_devpack\examples-remote\release\x64\pcap_filter.pdb
c:\npcap-sdk\winpcap_devpack\examples-remote\release\x64\pktdump_ex.pdb
c:\npcap-sdk\winpcap_devpack\examples-remote\release\x64\readfile.pdb
c:\npcap-sdk\winpcap_devpack\examples-remote\release\x64\readfile_ex.pdb
c:\npcap-sdk\winpcap_devpack\examples-remote\release\x64\savedump.pdb
c:\npcap-sdk\winpcap_devpack\examples-remote\release\x64\sendpack.pdb
c:\npcap-sdk\winpcap_devpack\examples-remote\\release\x64\smp_1.exe
c:\npcap-sdk\winpcap_devpack\examples-remote\release\x64\smp_1.tlog\cl.command.1.tlog
c:\npcap-sdk\winpcap_devpack\examples-remote\release\x64\smp_1.tlog\cl.read.1.tlog
c:\npcap-sdk\winpcap_devpack\examples-remote\release\x64\smp_1.tlog\cl.write.1.tlog
c:\npcap-sdk\winpcap_devpack\examples-remote\release\x64\smp_1.tlog\link.command.1.tlog
c:\npcap-sdk\winpcap_devpack\examples-remote\release\x64\smp_1.tlog\link.read.1.tlog
c:\npcap-sdk\winpcap_devpack\examples-remote\release\x64\smp_1.tlog\link.write.1.tlog
