c:\npcap-sdk\winpcap_devpack\examples-remote\release\x64\userbridge.pdb
c:\npcap-sdk\winpcap_devpack\examples-remote\release\x64\userbridge.pdo
c:\npcap-sdk\winpcap_devpack\examples-remote\release\x64\userbridge.exe
c:\npcap-sdk\winpcap_devpack\examples-remote\release\x64\userbridge.ipdb
c:\npcap-sdk\winpcap_devpack\examples-remote\release\x64\userbridge.iobj
c:\npcap-sdk\winpcap_devpack\examples-remote\release\x64\getmacaddress.obj
c:\npcap-sdk\winpcap_devpack\examples-remote\release\x64\iflist.obj
c:\npcap-sdk\winpcap_devpack\examples-remote\release\x64\pcap_filter.obj
c:\npcap-sdk\winpcap_devpack\examples-remote\release\x64\pcap_fopen.obj
c:\npcap-sdk\winpcap_devpack\examples-remote\release\x64\pktdump_ex.obj
c:\npcap-sdk\winpcap_devpack\examples-remote\release\x64\savedump.obj
c:\npcap-sdk\winpcap_devpack\examples-remote\release\x64\sendcap.obj
c:\npcap-sdk\winpcap_devpack\examples-remote\release\x64\basic_dump_ex.ipdb
c:\npcap-sdk\winpcap_devpack\examples-remote\release\x64\getmacaddress.ipdb
c:\npcap-sdk\winpcap_devpack\examples-remote\release\x64\pcap_fopen.ipdb
c:\npcap-sdk\winpcap_devpack\examples-remote\release\x64\pktdump_ex.ipdb
c:\npcap-sdk\winpcap_devpack\examples-remote\release\x64\readfile.ipdb
c:\npcap-sdk\winpcap_devpack\examples-remote\release\x64\readfile_ex.ipdb
c:\npcap-sdk\winpcap_devpack\examples-remote\release\x64\sendcap.ipdb
c:\npcap-sdk\winpcap_devpack\examples-remote\release\x64\smp_1.ipdb
c:\npcap-sdk\winpcap_devpack\examples-remote\release\x64\tcptop.ipdb
c:\npcap-sdk\winpcap_devpack\examples-remote\release\x64\testpacketcapture.ipdb
c:\npcap-sdk\winpcap_devpack\examples-remote\release\x64\testpacketsend.ipdb
c:\npcap-sdk\winpcap_devpack\examples-remote\release\x64\basic_dump_ex.iobj
c:\npcap-sdk\winpcap_devpack\examples-remote\release\x64\getmacaddress.iobj
c:\npcap-sdk\winpcap_devpack\examples-remote\release\x64\pcap_fopen.iobj
c:\npcap-sdk\winpcap_devpack\examples-remote\release\x64\pktdump_ex.iobj
c:\npcap-sdk\winpcap_devpack\examples-remote\release\x64\readfile.iobj
c:\npcap-sdk\winpcap_devpack\examples-remote\release\x64\readfile_ex.iobj
c:\npcap-sdk\winpcap_devpack\examples-remote\release\x64\sendcap.iobj
c:\npcap-sdk\winpcap_devpack\examples-remote\release\x64\smp_1.iobj
c:\npcap-sdk\winpcap_devpack\examples-remote\release\x64\tcptop.iobj
c:\npcap-sdk\winpcap_devpack\examples-remote\release\x64\testpacketcapture.iobj
c:\npcap-sdk\winpcap_devpack\examples-remote\release\x64\testpacketsend.iobj
c:\npcap-sdk\winpcap_devpack\examples-remote\release\x64\iflist.pgd
c:\npcap-sdk\winpcap_devpack\examples-remote\release\x64\basic_dump.idb
c:\npcap-sdk\winpcap_devpack\examples-remote\release\x64\pcap_filter.idb
c:\npcap-sdk\winpcap_devpack\examples-remote\release\x64\savedump.idb
c:\npcap-sdk\winpcap_devpack\examples-remote\release\x64\sendpack.idb
c:\npcap-sdk\winpcap_devpack\examples-remote\release\x64\basic_dump.pdb
c:\npcap-sdk\winpcap_devpack\examples-remote\release\x64\basic_dump_ex.pdb
c:\npcap-sdk\winpcap_devpack\examples-remote\release\x64\getmacaddress.pdb
c:\npcap-sdk\winpcap_devpack\examples-remote\release\x64\iflist.pdb
c:\npcap-sdk\winpcap_devpack\examples-remote\release\x64\pcap_filter.pdb
c:\npcap-sdk\winpcap_devpack\examples-remote\release\x64\pcap_fopen.pdb
c:\npcap-sdk\winpcap_devpack\examples-remote\release\x64\pktdump_ex.pdb
c:\npcap-sdk\winpcap_devpack\examples-remote\release\x64\readfile.pdb
c:\npcap-sdk\winpcap_devpack\examples-remote\release\x64\readfile_ex.pdb
c:\npcap-sdk\winpcap_devpack\examples-remote\release\x64\savedump.pdb
c:\npcap-sdk\winpcap_devpack\examples-remote\release\x64\sendcap.pdb
c:\npcap-sdk\winpcap_devpack\examples-remote\release\x64\sendpack.pdb
c:\npcap-sdk\winpcap_devpack\examples-remote\release\x64\smp_1.pdb
c:\npcap-sdk\winpcap_devpack\examples-remote\release\x64\tcptop.pdb
c:\npcap-sdk\winpcap_devpack\examples-remote\release\x64\testpacketcapture.pdb
c:\npcap-sdk\winpcap_devpack\examples-remote\release\x64\testpacketsend.pdb
c:\npcap-sdk\winpcap_devpack\examples-remote\release\x64\udpdump.pdb
c:\npcap-sdk\winpcap_devpack\examples-remote\release\x64\vc140.pdb
c:\npcap-sdk\winpcap_devpack\examples-remote\\release\x64\userbridge.exe
c:\npcap-sdk\winpcap_devpack\examples-remote\release\x64\userbridge.tlog\cl.command.1.tlog
c:\npcap-sdk\winpcap_devpack\examples-remote\release\x64\userbridge.tlog\cl.read.1.tlog
c:\npcap-sdk\winpcap_devpack\examples-remote\release\x64\userbridge.tlog\cl.write.1.tlog
c:\npcap-sdk\winpcap_devpack\examples-remote\release\x64\userbridge.tlog\link.command.1.tlog
c:\npcap-sdk\winpcap_devpack\examples-remote\release\x64\userbridge.tlog\link.read.1.tlog
c:\npcap-sdk\winpcap_devpack\examples-remote\release\x64\userbridge.tlog\link.write.1.tlog
