c:\npcap-sdk\examples\misc\x64\debug\basic_dump.obj
c:\npcap-sdk\examples\misc\x64\debug\vc142.pdb
c:\npcap-sdk\examples\misc\x64\debug\basic_dump.ilk
c:\npcap-sdk\examples\x64\debug\basic_dump.exe
c:\npcap-sdk\examples\x64\debug\basic_dump.pdb
c:\npcap-sdk\examples\misc\x64\debug\basic_dump_ex.obj
c:\npcap-sdk\examples\misc\x64\debug\readfile.obj
c:\npcap-sdk\examples\misc\x64\debug\readfile_ex.obj
c:\npcap-sdk\examples\misc\x64\debug\savedump.obj
c:\npcap-sdk\examples\misc\x64\debug\sendpack.obj
c:\npcap-sdk\examples\misc\x64\debug\basic_dump_ex.ilk
c:\npcap-sdk\examples\misc\x64\debug\readfile.ilk
c:\npcap-sdk\examples\misc\x64\debug\readfile_ex.ilk
c:\npcap-sdk\examples\misc\x64\debug\savedump.ilk
c:\npcap-sdk\examples\misc\x64\debug\sendpack.ilk
c:\npcap-sdk\examples\misc\x64\debug\vc142.idb
c:\npcap-sdk\examples\misc\x64\debug\basic_dump.tlog\cl.command.1.tlog
c:\npcap-sdk\examples\misc\x64\debug\basic_dump.tlog\cl.read.1.tlog
c:\npcap-sdk\examples\misc\x64\debug\basic_dump.tlog\cl.write.1.tlog
c:\npcap-sdk\examples\misc\x64\debug\basic_dump.tlog\link.command.1.tlog
c:\npcap-sdk\examples\misc\x64\debug\basic_dump.tlog\link.read.1.tlog
c:\npcap-sdk\examples\misc\x64\debug\basic_dump.tlog\link.write.1.tlog
