c:\npcap-sdk\winpcap_devpack\examples-remote\release\x64\basic_dump.pdo
c:\npcap-sdk\winpcap_devpack\examples-remote\release\x64\basic_dump.pdb
c:\npcap-sdk\winpcap_devpack\examples-remote\release\x64\basic_dump.exe
c:\npcap-sdk\winpcap_devpack\examples-remote\release\x64\getmacaddress.obj
c:\npcap-sdk\winpcap_devpack\examples-remote\release\x64\pcap_fopen.obj
c:\npcap-sdk\winpcap_devpack\examples-remote\release\x64\getmacaddress.ipdb
c:\npcap-sdk\winpcap_devpack\examples-remote\release\x64\pcap_fopen.ipdb
c:\npcap-sdk\winpcap_devpack\examples-remote\release\x64\testpacketcapture.ipdb
c:\npcap-sdk\winpcap_devpack\examples-remote\release\x64\testpacketsend.ipdb
c:\npcap-sdk\winpcap_devpack\examples-remote\release\x64\userbridge.ipdb
c:\npcap-sdk\winpcap_devpack\examples-remote\release\x64\getmacaddress.iobj
c:\npcap-sdk\winpcap_devpack\examples-remote\release\x64\pcap_fopen.iobj
c:\npcap-sdk\winpcap_devpack\examples-remote\release\x64\testpacketcapture.iobj
c:\npcap-sdk\winpcap_devpack\examples-remote\release\x64\testpacketsend.iobj
c:\npcap-sdk\winpcap_devpack\examples-remote\release\x64\userbridge.iobj
c:\npcap-sdk\winpcap_devpack\examples-remote\release\x64\getmacaddress.pdb
c:\npcap-sdk\winpcap_devpack\examples-remote\release\x64\pcap_fopen.pdb
c:\npcap-sdk\winpcap_devpack\examples-remote\release\x64\testpacketcapture.pdb
c:\npcap-sdk\winpcap_devpack\examples-remote\release\x64\testpacketsend.pdb
c:\npcap-sdk\winpcap_devpack\examples-remote\release\x64\userbridge.pdb
c:\npcap-sdk\winpcap_devpack\examples-remote\\release\x64\basic_dump.exe
c:\npcap-sdk\winpcap_devpack\examples-remote\release\x64\basic_dump.tlog\cl.command.1.tlog
c:\npcap-sdk\winpcap_devpack\examples-remote\release\x64\basic_dump.tlog\cl.read.1.tlog
c:\npcap-sdk\winpcap_devpack\examples-remote\release\x64\basic_dump.tlog\cl.write.1.tlog
c:\npcap-sdk\winpcap_devpack\examples-remote\release\x64\basic_dump.tlog\link.command.1.tlog
c:\npcap-sdk\winpcap_devpack\examples-remote\release\x64\basic_dump.tlog\link.read.1.tlog
c:\npcap-sdk\winpcap_devpack\examples-remote\release\x64\basic_dump.tlog\link.write.1.tlog
