c:\npcap-sdk\winpcap_devpack\examples-remote\tcptop\vc140.pdb
c:\npcap-sdk\winpcap_devpack\examples-remote\release\x64\tcptop.pdo
c:\npcap-sdk\winpcap_devpack\examples-remote\release\x64\tcptop.exe
c:\npcap-sdk\winpcap_devpack\examples-remote\release\x64\tcptop.ipdb
c:\npcap-sdk\winpcap_devpack\examples-remote\release\x64\tcptop.iobj
c:\npcap-sdk\winpcap_devpack\examples-remote\release\x64\tcptop.pdb
c:\npcap-sdk\winpcap_devpack\examples-remote\release\x64\sendcap.obj
c:\npcap-sdk\winpcap_devpack\examples-remote\release\x64\readfile.ipdb
c:\npcap-sdk\winpcap_devpack\examples-remote\release\x64\sendcap.ipdb
c:\npcap-sdk\winpcap_devpack\examples-remote\release\x64\readfile.iobj
c:\npcap-sdk\winpcap_devpack\examples-remote\release\x64\sendcap.iobj
c:\npcap-sdk\winpcap_devpack\examples-remote\release\x64\basic_dump.pdb
c:\npcap-sdk\winpcap_devpack\examples-remote\release\x64\basic_dump_ex.pdb
c:\npcap-sdk\winpcap_devpack\examples-remote\release\x64\pcap_filter.pdb
c:\npcap-sdk\winpcap_devpack\examples-remote\release\x64\readfile_ex.pdb
c:\npcap-sdk\winpcap_devpack\examples-remote\release\x64\savedump.pdb
c:\npcap-sdk\winpcap_devpack\examples-remote\release\x64\sendcap.pdb
c:\npcap-sdk\winpcap_devpack\examples-remote\release\x64\sendpack.pdb
c:\npcap-sdk\winpcap_devpack\examples-remote\release\x64\smp_1.pdb
c:\npcap-sdk\winpcap_devpack\examples-remote\release\x64\vc140.pdb
c:\npcap-sdk\winpcap_devpack\examples-remote\\release\x64\tcptop.exe
c:\npcap-sdk\winpcap_devpack\examples-remote\release\x64\tcptop.tlog\cl.command.1.tlog
c:\npcap-sdk\winpcap_devpack\examples-remote\release\x64\tcptop.tlog\cl.read.1.tlog
c:\npcap-sdk\winpcap_devpack\examples-remote\release\x64\tcptop.tlog\cl.write.1.tlog
c:\npcap-sdk\winpcap_devpack\examples-remote\release\x64\tcptop.tlog\link.command.1.tlog
c:\npcap-sdk\winpcap_devpack\examples-remote\release\x64\tcptop.tlog\link.read.1.tlog
c:\npcap-sdk\winpcap_devpack\examples-remote\release\x64\tcptop.tlog\link.write.1.tlog
