c:\npcap-sdk\winpcap_devpack\examples-pcap\debug\x64\vc142.pdb
c:\npcap-sdk\winpcap_devpack\examples-pcap\debug\x64\concrt140d.dll
c:\npcap-sdk\winpcap_devpack\examples-pcap\debug\x64\msvcp140d.dll
c:\npcap-sdk\winpcap_devpack\examples-pcap\debug\x64\msvcp140d_atomic_wait.dll
c:\npcap-sdk\winpcap_devpack\examples-pcap\debug\x64\msvcp140d_codecvt_ids.dll
c:\npcap-sdk\winpcap_devpack\examples-pcap\debug\x64\msvcp140_1d.dll
c:\npcap-sdk\winpcap_devpack\examples-pcap\debug\x64\msvcp140_2d.dll
c:\npcap-sdk\winpcap_devpack\examples-pcap\debug\x64\vccorlib140d.dll
c:\npcap-sdk\winpcap_devpack\examples-pcap\debug\x64\vcruntime140d.dll
c:\npcap-sdk\winpcap_devpack\examples-pcap\debug\x64\vcruntime140_1d.dll
c:\npcap-sdk\winpcap_devpack\examples-pcap\debug\x64\vcamp140d.dll
c:\npcap-sdk\winpcap_devpack\examples-pcap\debug\x64\mfc140d.dll
c:\npcap-sdk\winpcap_devpack\examples-pcap\debug\x64\mfc140ud.dll
c:\npcap-sdk\winpcap_devpack\examples-pcap\debug\x64\mfcm140d.dll
c:\npcap-sdk\winpcap_devpack\examples-pcap\debug\x64\mfcm140ud.dll
c:\npcap-sdk\winpcap_devpack\examples-pcap\debug\x64\vcomp140d.dll
c:\npcap-sdk\winpcap_devpack\examples-pcap\debug\x64\libomp140.x86_64.dll
c:\npcap-sdk\winpcap_devpack\examples-pcap\debug\x64\libomp140d.x86_64.dll
c:\npcap-sdk\winpcap_devpack\examples-pcap\debug\x64\ucrtbased.dll
c:\npcap-sdk\winpcap_devpack\examples-pcap\debug\x64\savedump.tlog\cl.command.1.tlog
c:\npcap-sdk\winpcap_devpack\examples-pcap\debug\x64\savedump.tlog\cl.read.1.tlog
c:\npcap-sdk\winpcap_devpack\examples-pcap\debug\x64\savedump.tlog\cl.write.1.tlog
c:\npcap-sdk\winpcap_devpack\examples-pcap\debug\x64\savedump.tlog\copylocal.read.1u.tlog
c:\npcap-sdk\winpcap_devpack\examples-pcap\debug\x64\savedump.tlog\copylocal.write.1u.tlog
