c:\npcap-sdk\winpcap_devpack\examples-remote\sendcap\vc140.pdb
c:\npcap-sdk\winpcap_devpack\examples-remote\release\x64\sendcap.obj
c:\npcap-sdk\winpcap_devpack\examples-remote\release\x64\pcap_filter.obj
c:\npcap-sdk\winpcap_devpack\examples-remote\release\x64\pktdump_ex.obj
c:\npcap-sdk\winpcap_devpack\examples-remote\release\x64\savedump.obj
c:\npcap-sdk\winpcap_devpack\examples-remote\release\x64\pktdump_ex.ipdb
c:\npcap-sdk\winpcap_devpack\examples-remote\release\x64\readfile_ex.ipdb
c:\npcap-sdk\winpcap_devpack\examples-remote\release\x64\smp_1.ipdb
c:\npcap-sdk\winpcap_devpack\examples-remote\release\x64\pktdump_ex.iobj
c:\npcap-sdk\winpcap_devpack\examples-remote\release\x64\readfile_ex.iobj
c:\npcap-sdk\winpcap_devpack\examples-remote\release\x64\smp_1.iobj
c:\npcap-sdk\winpcap_devpack\examples-remote\release\x64\pcap_filter.idb
c:\npcap-sdk\winpcap_devpack\examples-remote\release\x64\savedump.idb
c:\npcap-sdk\winpcap_devpack\examples-remote\release\x64\sendpack.idb
c:\npcap-sdk\winpcap_devpack\examples-remote\release\x64\basic_dump.pdb
c:\npcap-sdk\winpcap_devpack\examples-remote\release\x64\basic_dump_ex.pdb
c:\npcap-sdk\winpcap_devpack\examples-remote\release\x64\pcap_filter.pdb
c:\npcap-sdk\winpcap_devpack\examples-remote\release\x64\readfile.pdb
c:\npcap-sdk\winpcap_devpack\examples-remote\release\x64\readfile_ex.pdb
c:\npcap-sdk\winpcap_devpack\examples-remote\release\x64\savedump.pdb
c:\npcap-sdk\winpcap_devpack\examples-remote\release\x64\sendpack.pdb
c:\npcap-sdk\winpcap_devpack\examples-remote\release\x64\smp_1.pdb
c:\npcap-sdk\winpcap_devpack\examples-remote\release\x64\vc140.pdb
c:\npcap-sdk\winpcap_devpack\examples-remote\release\x64\sendcap.tlog\cl.command.1.tlog
c:\npcap-sdk\winpcap_devpack\examples-remote\release\x64\sendcap.tlog\cl.read.1.tlog
c:\npcap-sdk\winpcap_devpack\examples-remote\release\x64\sendcap.tlog\cl.write.1.tlog
c:\npcap-sdk\winpcap_devpack\examples-remote\release\x64\sendcap.tlog\link.command.1.tlog
c:\npcap-sdk\winpcap_devpack\examples-remote\release\x64\sendcap.tlog\link.read.1.tlog
c:\npcap-sdk\winpcap_devpack\examples-remote\release\x64\sendcap.tlog\link.write.1.tlog
