c:\npcap-sdk\examples\misc\debug\basic_dump_ex.obj
c:\npcap-sdk\examples\misc\debug\vc142.pdb
c:\npcap-sdk\examples\misc\debug\basic_dump_ex.ilk
c:\npcap-sdk\examples\debug\basic_dump_ex.exe
c:\npcap-sdk\examples\debug\basic_dump_ex.pdb
c:\npcap-sdk\examples\misc\debug\basic_dump.obj
c:\npcap-sdk\examples\misc\debug\readfile.obj
c:\npcap-sdk\examples\misc\debug\readfile_ex.obj
c:\npcap-sdk\examples\misc\debug\savedump.obj
c:\npcap-sdk\examples\misc\debug\sendpack.obj
c:\npcap-sdk\examples\misc\debug\basic_dump.ilk
c:\npcap-sdk\examples\misc\debug\readfile.ilk
c:\npcap-sdk\examples\misc\debug\readfile_ex.ilk
c:\npcap-sdk\examples\misc\debug\savedump.ilk
c:\npcap-sdk\examples\misc\debug\sendpack.ilk
c:\npcap-sdk\examples\misc\debug\basic_dump_ex.tlog\cl.command.1.tlog
c:\npcap-sdk\examples\misc\debug\basic_dump_ex.tlog\cl.read.1.tlog
c:\npcap-sdk\examples\misc\debug\basic_dump_ex.tlog\cl.write.1.tlog
c:\npcap-sdk\examples\misc\debug\basic_dump_ex.tlog\link.command.1.tlog
c:\npcap-sdk\examples\misc\debug\basic_dump_ex.tlog\link.read.1.tlog
c:\npcap-sdk\examples\misc\debug\basic_dump_ex.tlog\link.write.1.tlog
