E:\VS2019\VS2019\Enterprise\MSBuild\Microsoft\VC\v160\Microsoft.CppCommon.targets(39,5): warning MSB4211: The property "IntermediateOutputPath" is being set to a value for the first time, but it was already consumed at "E:\VS2019\VS2019\Enterprise\MSBuild\Microsoft\VC\v160\Microsoft.CppCommon.targets (38,5)".
E:\VS2019\VS2019\Enterprise\MSBuild\Microsoft\VC\v160\Microsoft.BuildSteps.Targets(30,5): warning MSB4211: The property "DebugType" is being set to a value for the first time, but it was already consumed at "E:\VS2019\VS2019\Enterprise\MSBuild\Microsoft\VC\v160\Microsoft.BuildSteps.Targets (29,5)".
E:\VS2019\VS2019\Enterprise\MSBuild\Current\Bin\Microsoft.Common.CurrentVersion.targets(373,5): warning MSB4211: The property "CleanFile" is being set to a value for the first time, but it was already consumed at "E:\VS2019\VS2019\Enterprise\MSBuild\Microsoft\VC\v160\Microsoft.CppCommon.targets (38,5)".
  RadiotapPrint.c
C:\npcap-sdk\npcap-sdk\samples\airpcap_and_libpcap_with_filter\RadiotapPrint.c(109,20): warning C4267: '=': conversion from 'size_t' to 'ULONG', possible loss of data
C:\npcap-sdk\npcap-sdk\samples\airpcap_and_libpcap_with_filter\RadiotapPrint.c(312,25): warning C4474: 'printf' : too many arguments passed for format string
C:\npcap-sdk\npcap-sdk\samples\airpcap_and_libpcap_with_filter\RadiotapPrint.c(312,25): message : placeholders and their parameters expect 0 variadic arguments, but 1 were provided
C:\npcap-sdk\npcap-sdk\samples\airpcap_and_libpcap_with_filter\RadiotapPrint.c(316,25): warning C4474: 'printf' : too many arguments passed for format string
C:\npcap-sdk\npcap-sdk\samples\airpcap_and_libpcap_with_filter\RadiotapPrint.c(316,25): message : placeholders and their parameters expect 0 variadic arguments, but 1 were provided
C:\npcap-sdk\npcap-sdk\samples\airpcap_and_libpcap_with_filter\RadiotapPrint.c(321,32): warning C4474: 'printf' : too many arguments passed for format string
C:\npcap-sdk\npcap-sdk\samples\airpcap_and_libpcap_with_filter\RadiotapPrint.c(321,32): message : placeholders and their parameters expect 0 variadic arguments, but 1 were provided
C:\npcap-sdk\npcap-sdk\samples\airpcap_and_libpcap_with_filter\RadiotapPrint.c(326,32): warning C4474: 'printf' : too many arguments passed for format string
C:\npcap-sdk\npcap-sdk\samples\airpcap_and_libpcap_with_filter\RadiotapPrint.c(326,32): message : placeholders and their parameters expect 0 variadic arguments, but 1 were provided
  test16.c
C:\npcap-sdk\npcap-sdk\samples\airpcap_and_libpcap_with_filter\test16.c(129,37): warning C4474: 'printf' : too many arguments passed for format string
C:\npcap-sdk\npcap-sdk\samples\airpcap_and_libpcap_with_filter\test16.c(129,37): message : placeholders and their parameters expect 0 variadic arguments, but 1 were provided
  Generating code
  Previous IPDB not found, fall back to full compilation.
  All 17 functions were compiled because no usable IPDB/IOBJ from previous compilation was found.
  Finished generating code
  airpcap_and_libpcap_with_filter.vcxproj -> C:\npcap-sdk\npcap-sdk\samples\airpcap_and_libpcap_with_filter\Release\x64\airpcap_and_libpcap_with_filter.exe
