c:\npcap-sdk\winpcap_devpack\examples-remote\release\x64\getmacaddress.pdb
c:\npcap-sdk\winpcap_devpack\examples-remote\release\x64\getmacaddress.obj
c:\npcap-sdk\winpcap_devpack\examples-remote\release\x64\getmacaddress.ipdb
c:\npcap-sdk\winpcap_devpack\examples-remote\release\x64\getmacaddress.iobj
c:\npcap-sdk\winpcap_devpack\examples-remote\release\x64\getmacaddress.exe
c:\npcap-sdk\winpcap_devpack\examples-remote\release\x64\pktdump_ex.obj
c:\npcap-sdk\winpcap_devpack\examples-remote\release\x64\sendcap.obj
c:\npcap-sdk\winpcap_devpack\examples-remote\release\x64\userbridge.ipdb
c:\npcap-sdk\winpcap_devpack\examples-remote\release\x64\userbridge.iobj
c:\npcap-sdk\winpcap_devpack\examples-remote\release\x64\sendcap.pdb
c:\npcap-sdk\winpcap_devpack\examples-remote\release\x64\smp_1.pdb
c:\npcap-sdk\winpcap_devpack\examples-remote\release\x64\tcptop.pdb
c:\npcap-sdk\winpcap_devpack\examples-remote\release\x64\udpdump.pdb
c:\npcap-sdk\winpcap_devpack\examples-remote\release\x64\userbridge.pdb
c:\npcap-sdk\winpcap_devpack\examples-remote\release\x64\vc142.pdb
c:\npcap-sdk\winpcap_devpack\examples-remote\release\x64\getmacaddress.tlog\cl.command.1.tlog
c:\npcap-sdk\winpcap_devpack\examples-remote\release\x64\getmacaddress.tlog\cl.read.1.tlog
c:\npcap-sdk\winpcap_devpack\examples-remote\release\x64\getmacaddress.tlog\cl.write.1.tlog
c:\npcap-sdk\winpcap_devpack\examples-remote\release\x64\getmacaddress.tlog\getmacaddress.write.1u.tlog
c:\npcap-sdk\winpcap_devpack\examples-remote\release\x64\getmacaddress.tlog\link.command.1.tlog
c:\npcap-sdk\winpcap_devpack\examples-remote\release\x64\getmacaddress.tlog\link.read.1.tlog
c:\npcap-sdk\winpcap_devpack\examples-remote\release\x64\getmacaddress.tlog\link.write.1.tlog
