c:\npcap-sdk\winpcap_devpack\examples-remote\release\x64\pktdump_ex.pdb
c:\npcap-sdk\winpcap_devpack\examples-remote\release\x64\pktdump_ex.obj
c:\npcap-sdk\winpcap_devpack\examples-remote\release\x64\pktdump_ex.exe
c:\npcap-sdk\winpcap_devpack\examples-remote\release\x64\vc142.pdb
c:\npcap-sdk\winpcap_devpack\examples-remote\release\x64\pktdump_ex.ipdb
c:\npcap-sdk\winpcap_devpack\examples-remote\release\x64\pktdump_ex.iobj
c:\npcap-sdk\winpcap_devpack\examples-remote\release\x64\savedump.obj
c:\npcap-sdk\winpcap_devpack\examples-remote\release\x64\basic_dump_ex.ipdb
c:\npcap-sdk\winpcap_devpack\examples-remote\release\x64\readfile_ex.ipdb
c:\npcap-sdk\winpcap_devpack\examples-remote\release\x64\basic_dump_ex.iobj
c:\npcap-sdk\winpcap_devpack\examples-remote\release\x64\readfile_ex.iobj
c:\npcap-sdk\winpcap_devpack\examples-remote\release\x64\pcap_filter.idb
c:\npcap-sdk\winpcap_devpack\examples-remote\release\x64\sendpack.idb
c:\npcap-sdk\winpcap_devpack\examples-remote\release\x64\pcap_filter.pdb
c:\npcap-sdk\winpcap_devpack\examples-remote\release\x64\readfile.pdb
c:\npcap-sdk\winpcap_devpack\examples-remote\release\x64\sendpack.pdb
c:\npcap-sdk\winpcap_devpack\examples-remote\release\x64\pktdump_ex.tlog\cl.command.1.tlog
c:\npcap-sdk\winpcap_devpack\examples-remote\release\x64\pktdump_ex.tlog\cl.read.1.tlog
c:\npcap-sdk\winpcap_devpack\examples-remote\release\x64\pktdump_ex.tlog\cl.write.1.tlog
c:\npcap-sdk\winpcap_devpack\examples-remote\release\x64\pktdump_ex.tlog\link.command.1.tlog
c:\npcap-sdk\winpcap_devpack\examples-remote\release\x64\pktdump_ex.tlog\link.read.1.tlog
c:\npcap-sdk\winpcap_devpack\examples-remote\release\x64\pktdump_ex.tlog\link.write.1.tlog
c:\npcap-sdk\winpcap_devpack\examples-remote\release\x64\pktdump_ex.tlog\pktdump_ex.write.1u.tlog
