c:\npcap-sdk\winpcap_devpack\examples-remote\release\x64\udpdump.pdo
c:\npcap-sdk\winpcap_devpack\examples-remote\release\x64\udpdump.pdb
c:\npcap-sdk\winpcap_devpack\examples-remote\release\x64\pktdump_ex.obj
c:\npcap-sdk\winpcap_devpack\examples-remote\release\x64\sendcap.obj
c:\npcap-sdk\winpcap_devpack\examples-remote\release\x64\pktdump_ex.ipdb
c:\npcap-sdk\winpcap_devpack\examples-remote\release\x64\readfile.ipdb
c:\npcap-sdk\winpcap_devpack\examples-remote\release\x64\sendcap.ipdb
c:\npcap-sdk\winpcap_devpack\examples-remote\release\x64\smp_1.ipdb
c:\npcap-sdk\winpcap_devpack\examples-remote\release\x64\tcptop.ipdb
c:\npcap-sdk\winpcap_devpack\examples-remote\release\x64\pktdump_ex.iobj
c:\npcap-sdk\winpcap_devpack\examples-remote\release\x64\readfile.iobj
c:\npcap-sdk\winpcap_devpack\examples-remote\release\x64\sendcap.iobj
c:\npcap-sdk\winpcap_devpack\examples-remote\release\x64\smp_1.iobj
c:\npcap-sdk\winpcap_devpack\examples-remote\release\x64\tcptop.iobj
c:\npcap-sdk\winpcap_devpack\examples-remote\release\x64\basic_dump.pdb
c:\npcap-sdk\winpcap_devpack\examples-remote\release\x64\basic_dump_ex.pdb
c:\npcap-sdk\winpcap_devpack\examples-remote\release\x64\pktdump_ex.pdb
c:\npcap-sdk\winpcap_devpack\examples-remote\release\x64\readfile.pdb
c:\npcap-sdk\winpcap_devpack\examples-remote\release\x64\readfile_ex.pdb
c:\npcap-sdk\winpcap_devpack\examples-remote\release\x64\sendcap.pdb
c:\npcap-sdk\winpcap_devpack\examples-remote\release\x64\sendpack.pdb
c:\npcap-sdk\winpcap_devpack\examples-remote\release\x64\smp_1.pdb
c:\npcap-sdk\winpcap_devpack\examples-remote\release\x64\tcptop.pdb
c:\npcap-sdk\winpcap_devpack\examples-remote\release\x64\vc142.pdb
c:\npcap-sdk\winpcap_devpack\examples-remote\release\x64\udpdump.tlog\cl.command.1.tlog
c:\npcap-sdk\winpcap_devpack\examples-remote\release\x64\udpdump.tlog\cl.read.1.tlog
c:\npcap-sdk\winpcap_devpack\examples-remote\release\x64\udpdump.tlog\cl.write.1.tlog
c:\npcap-sdk\winpcap_devpack\examples-remote\release\x64\udpdump.tlog\link.command.1.tlog
c:\npcap-sdk\winpcap_devpack\examples-remote\release\x64\udpdump.tlog\link.read.1.tlog
c:\npcap-sdk\winpcap_devpack\examples-remote\release\x64\udpdump.tlog\link.write.1.tlog
